::1 - - [11/Apr/2018:00:00:56 +0800] "GET /forum/index.php HTTP/1.1" 200 805
::1 - - [11/Apr/2018:00:00:56 +0800] "GET /favicon.ico HTTP/1.1" 404 209
::1 - - [11/Apr/2018:00:02:22 +0800] "GET /forum/index.php HTTP/1.1" 200 617
::1 - - [11/Apr/2018:00:02:28 +0800] "POST /forum/login.php HTTP/1.1" 200 292
::1 - - [11/Apr/2018:00:04:45 +0800] "GET /phpmyadmin/ HTTP/1.1" 200 7979
::1 - - [11/Apr/2018:00:04:46 +0800] "GET /phpmyadmin/themes/pmahomme/jquery/jquery-ui-1.9.2.custom.css HTTP/1.1" 304 -
::1 - - [11/Apr/2018:00:04:46 +0800] "GET /phpmyadmin/js/messages.php?lang=en&db=&server=0&token=9c072b1b21cd13a94f9b73e7bb9f58c0 HTTP/1.1" 200 16679
::1 - - [11/Apr/2018:00:04:46 +0800] "GET /phpmyadmin/phpmyadmin.css.php?server=1&token=f002d8403658d0c4e537ddc7082093cc&nocache=4570005409ltr HTTP/1.1" 200 92653
::1 - - [11/Apr/2018:00:04:46 +0800] "GET /phpmyadmin/js/get_image.js.php?theme=pmahomme HTTP/1.1" 200 6364
::1 - - [11/Apr/2018:00:04:47 +0800] "GET /phpmyadmin/themes/pmahomme/img/logo_right.png HTTP/1.1" 304 -
::1 - - [11/Apr/2018:00:04:47 +0800] "GET /phpmyadmin/themes/dot.gif HTTP/1.1" 304 -
::1 - - [11/Apr/2018:00:04:46 +0800] "GET /phpmyadmin/js/get_scripts.js.php?scripts[]=jquery/jquery-1.8.3.js&scripts[]=ajax.js&scripts[]=keyhandler.js&scripts[]=jquery/jquery-ui-1.9.2.custom.js&scripts[]=jquery/jquery.sprintf.js&scripts[]=jquery/jquery.cookie.js&scripts[]=jquery/jquery.mousewheel.js&scripts[]=jquery/jquery.event.drag-2.2.js&scripts[]=jquery/jquery-ui-timepicker-addon.js&scripts[]=jquery/jquery.ba-hashchange-1.3.js&scripts[]=jquery/jquery.debounce-1.0.5.js&scripts[]=jquery/jquery.menuResizer-1.0.js&scripts[]=rte.js&scripts[]=functions.js&scripts[]=navigation.js&scripts[]=indexes.js&scripts[]=common.js&scripts[]=codemirror/lib/codemirror.js&scripts[]=codemirror/mode/mysql/mysql.js HTTP/1.1" 200 578621
::1 - - [11/Apr/2018:00:04:47 +0800] "GET /phpmyadmin/themes/pmahomme/img/sprites.png HTTP/1.1" 304 -
::1 - - [11/Apr/2018:00:04:56 +0800] "POST /phpmyadmin/index.php HTTP/1.1" 302 -
::1 - - [11/Apr/2018:00:04:57 +0800] "GET /phpmyadmin/index.php?token=f002d8403658d0c4e537ddc7082093cc HTTP/1.1" 200 44846
::1 - - [11/Apr/2018:00:04:57 +0800] "GET /phpmyadmin/js/messages.php?lang=en&db=&server=0&token=f002d8403658d0c4e537ddc7082093cc HTTP/1.1" 200 16679
::1 - - [11/Apr/2018:00:04:57 +0800] "GET /phpmyadmin/themes/pmahomme/img/logo_left.png HTTP/1.1" 304 -
::1 - - [11/Apr/2018:00:04:57 +0800] "GET /phpmyadmin/phpmyadmin.css.php?server=1&token=f002d8403658d0c4e537ddc7082093cc&nocache=6093381706ltr HTTP/1.1" 200 92653
::1 - - [11/Apr/2018:00:04:57 +0800] "GET /phpmyadmin/themes/pmahomme/img/ajax_clock_small.gif HTTP/1.1" 304 -
::1 - - [11/Apr/2018:00:04:57 +0800] "GET /phpmyadmin/themes/pmahomme/img/left_nav_bg.png HTTP/1.1" 304 -
::1 - - [11/Apr/2018:00:04:57 +0800] "GET /phpmyadmin/version_check.php?&_nocache=1523376297839222187 HTTP/1.1" 200 39
::1 - - [11/Apr/2018:00:04:59 +0800] "GET /phpmyadmin/db_structure.php?server=1&db=forum&token=f002d8403658d0c4e537ddc7082093cc&ajax_request=true&ajax_page_request=true&menuHashes=5be073ec&_nocache=1523376299488622830 HTTP/1.1" 200 17776
::1 - - [11/Apr/2018:00:05:00 +0800] "GET /phpmyadmin/themes/pmahomme/img/arrow_ltr.png HTTP/1.1" 304 -
::1 - - [11/Apr/2018:00:05:00 +0800] "GET /phpmyadmin/js/get_scripts.js.php?scripts[]=db_structure.js&scripts[]=tbl_change.js HTTP/1.1" 200 12382
::1 - - [11/Apr/2018:00:05:06 +0800] "GET /phpmyadmin/db_structure.php?server=1&db=website+forum&token=f002d8403658d0c4e537ddc7082093cc&ajax_request=true&ajax_page_request=true&menuHashes=5be073ec-34ab3975&_nocache=1523376306603722530 HTTP/1.1" 200 18248
::1 - - [11/Apr/2018:00:05:08 +0800] "GET /phpmyadmin/sql.php?db=website+forum&token=f002d8403658d0c4e537ddc7082093cc&goto=db_structure.php&table=user_account&pos=0&ajax_request=true&ajax_page_request=true&menuHashes=5be073ec-34ab3975-ac69abf9&_nocache=1523376308883715293 HTTP/1.1" 200 10539
::1 - - [11/Apr/2018:00:05:09 +0800] "GET /phpmyadmin/js/get_scripts.js.php?scripts[]=tbl_structure.js&scripts[]=gis_data_editor.js HTTP/1.1" 200 15188
::1 - - [11/Apr/2018:00:05:09 +0800] "GET /phpmyadmin/index.php?ajax_request=1&recent_table=1&token=f002d8403658d0c4e537ddc7082093cc HTTP/1.1" 200 234
::1 - - [11/Apr/2018:00:05:11 +0800] "GET /phpmyadmin/tbl_structure.php?db=website+forum&table=user_account&token=f002d8403658d0c4e537ddc7082093cc&ajax_request=true&ajax_page_request=true&menuHashes=5be073ec-34ab3975-ac69abf9-29ff8ae5&_nocache=1523376311191202904 HTTP/1.1" 200 33212
::1 - - [11/Apr/2018:00:05:11 +0800] "GET /phpmyadmin/index.php?ajax_request=1&recent_table=1&token=f002d8403658d0c4e537ddc7082093cc HTTP/1.1" 200 234
::1 - - [11/Apr/2018:00:05:24 +0800] "GET /phpmyadmin/navigation.php?ajax_request=1&token=f002d8403658d0c4e537ddc7082093cc&aPath=cm9vdA%3D%3D.d2Vic2l0ZSBmb3J1bQ%3D%3D&vPath=cm9vdA%3D%3D.d2Vic2l0ZSBmb3J1bQ%3D%3D&pos=0&pos2_name=&pos2_value=&searchClause=&searchClause2=&_nocache=1523376324683669787 HTTP/1.1" 200 2981
::1 - - [11/Apr/2018:00:05:27 +0800] "GET /phpmyadmin/navigation.php?ajax_request=1&token=f002d8403658d0c4e537ddc7082093cc&aPath=cm9vdA%3D%3D.d2Vic2l0ZSBmb3J1bQ%3D%3D.dGFibGVz.cG9zdA%3D%3D&vPath=cm9vdA%3D%3D.d2Vic2l0ZSBmb3J1bQ%3D%3D.VGFibGVz.cG9zdA%3D%3D&pos=0&pos2_name=tables&pos2_value=0&searchClause=&searchClause2=&_nocache=1523376327986529597 HTTP/1.1" 200 1765
::1 - - [11/Apr/2018:00:05:29 +0800] "GET /phpmyadmin/navigation.php?ajax_request=1&token=f002d8403658d0c4e537ddc7082093cc&aPath=cm9vdA%3D%3D.d2Vic2l0ZSBmb3J1bQ%3D%3D.dGFibGVz.dGhyZWFk&vPath=cm9vdA%3D%3D.d2Vic2l0ZSBmb3J1bQ%3D%3D.VGFibGVz.dGhyZWFk&pos=0&pos2_name=tables&pos2_value=0&searchClause=&searchClause2=&_nocache=1523376329970370791 HTTP/1.1" 200 3479
::1 - - [11/Apr/2018:00:05:31 +0800] "GET /phpmyadmin/navigation.php?ajax_request=1&token=f002d8403658d0c4e537ddc7082093cc&aPath=cm9vdA%3D%3D.d2Vic2l0ZSBmb3J1bQ%3D%3D.dGFibGVz.dXNlcl9hY2NvdW50&vPath=cm9vdA%3D%3D.d2Vic2l0ZSBmb3J1bQ%3D%3D.VGFibGVz.dXNlcl9hY2NvdW50&pos=0&pos2_name=tables&pos2_value=0&searchClause=&searchClause2=&_nocache=1523376331826607959 HTTP/1.1" 200 3559
::1 - - [11/Apr/2018:00:05:41 +0800] "GET /phpmyadmin/db_structure.php?server=1&db=website+forum&token=f002d8403658d0c4e537ddc7082093cc&ajax_request=true&ajax_page_request=true&menuHashes=5be073ec-34ab3975-ac69abf9-29ff8ae5-82175ece&_nocache=152337634146793398 HTTP/1.1" 200 15082
::1 - - [11/Apr/2018:00:05:44 +0800] "GET /phpmyadmin/db_structure.php?server=1&db=website+forum&token=f002d8403658d0c4e537ddc7082093cc&ajax_request=true&ajax_page_request=true&menuHashes=5be073ec-34ab3975-ac69abf9-29ff8ae5-82175ece&_nocache=1523376344137883002 HTTP/1.1" 200 15082
::1 - - [11/Apr/2018:00:05:45 +0800] "GET /phpmyadmin/db_structure.php?server=1&db=website+forum&token=f002d8403658d0c4e537ddc7082093cc&ajax_request=true&ajax_page_request=true&menuHashes=5be073ec-34ab3975-ac69abf9-29ff8ae5-82175ece&_nocache=1523376345857386366 HTTP/1.1" 200 15082
::1 - - [11/Apr/2018:00:05:48 +0800] "GET /phpmyadmin/db_structure.php?db=website+forum&token=f002d8403658d0c4e537ddc7082093cc&ajax_request=true&ajax_page_request=true&menuHashes=5be073ec-34ab3975-ac69abf9-29ff8ae5-82175ece&_nocache=1523376348752201294 HTTP/1.1" 200 15080
::1 - - [11/Apr/2018:00:05:56 +0800] "GET /phpmyadmin/db_operations.php?db=website+forum&token=f002d8403658d0c4e537ddc7082093cc&ajax_request=true&ajax_page_request=true&menuHashes=5be073ec-34ab3975-ac69abf9-29ff8ae5-82175ece&_nocache=1523376356240192416 HTTP/1.1" 200 35791
::1 - - [11/Apr/2018:00:05:56 +0800] "GET /phpmyadmin/js/get_scripts.js.php?scripts[]=db_operations.js HTTP/1.1" 200 1854
::1 - - [11/Apr/2018:00:06:11 +0800] "GET /phpmyadmin/db_structure.php?server=1&db=forum&token=f002d8403658d0c4e537ddc7082093cc&ajax_request=true&ajax_page_request=true&menuHashes=5be073ec-34ab3975-ac69abf9-29ff8ae5-82175ece-97e686ba&_nocache=152337637152145192 HTTP/1.1" 200 14722
::1 - - [11/Apr/2018:00:06:14 +0800] "GET /phpmyadmin/db_operations.php?db=forum&token=f002d8403658d0c4e537ddc7082093cc&ajax_request=true&ajax_page_request=true&menuHashes=5be073ec-34ab3975-ac69abf9-29ff8ae5-82175ece-97e686ba&_nocache=1523376374481302225 HTTP/1.1" 200 35583
::1 - - [11/Apr/2018:00:06:17 +0800] "GET /phpmyadmin/themes/pmahomme/jquery/images/ui-bg_flat_75_ffffff_40x100.png HTTP/1.1" 200 178
::1 - - [11/Apr/2018:00:06:17 +0800] "GET /phpmyadmin/themes/pmahomme/jquery/images/ui-bg_highlight-soft_75_cccccc_1x100.png HTTP/1.1" 200 101
::1 - - [11/Apr/2018:00:06:17 +0800] "GET /phpmyadmin/themes/pmahomme/jquery/images/ui-bg_glass_75_e6e6e6_1x400.png HTTP/1.1" 200 110
::1 - - [11/Apr/2018:00:06:17 +0800] "GET /phpmyadmin/themes/pmahomme/jquery/images/ui-bg_flat_0_aaaaaa_40x100.png HTTP/1.1" 200 180
::1 - - [11/Apr/2018:00:06:17 +0800] "GET /phpmyadmin/themes/pmahomme/jquery/images/ui-bg_glass_75_dadada_1x400.png HTTP/1.1" 200 159
::1 - - [11/Apr/2018:00:06:17 +0800] "GET /phpmyadmin/themes/pmahomme/jquery/images/ui-icons_222222_256x240.png HTTP/1.1" 200 4369
::1 - - [11/Apr/2018:00:06:18 +0800] "GET /phpmyadmin/themes/pmahomme/jquery/images/ui-icons_454545_256x240.png HTTP/1.1" 200 4369
::1 - - [11/Apr/2018:00:06:19 +0800] "GET /phpmyadmin/themes/pmahomme/jquery/images/ui-bg_glass_65_ffffff_1x400.png HTTP/1.1" 200 105
::1 - - [11/Apr/2018:00:06:19 +0800] "GET /phpmyadmin/db_operations.php?db_collation=latin1_swedish_ci&what=data&db_rename=true&db=forum&token=f002d8403658d0c4e537ddc7082093cc&newname=f&ajax_request=true&is_js_confirmed=1&_nocache=1523376379303161126 HTTP/1.1" 200 3663
::1 - - [11/Apr/2018:00:06:20 +0800] "POST /phpmyadmin/navigation.php?ajax_request=1&token=f002d8403658d0c4e537ddc7082093cc HTTP/1.1" 200 14797
::1 - - [11/Apr/2018:00:06:20 +0800] "POST /phpmyadmin/navigation.php?ajax_request=1&token=f002d8403658d0c4e537ddc7082093cc HTTP/1.1" 200 14797
::1 - - [11/Apr/2018:00:06:21 +0800] "GET /phpmyadmin/db_structure.php?server=1&db=f&token=f002d8403658d0c4e537ddc7082093cc&ajax_request=true&ajax_page_request=true&menuHashes=67167085-5be073ec-34ab3975-ac69abf9-29ff8ae5-82175ece-97e686ba&_nocache=1523376381092523814 HTTP/1.1" 200 17568
::1 - - [11/Apr/2018:00:06:21 +0800] "GET /phpmyadmin/db_structure.php?server=1&db=website+forum&token=f002d8403658d0c4e537ddc7082093cc&ajax_request=true&ajax_page_request=true&menuHashes=67167085-34ab3975-ac69abf9-29ff8ae5-82175ece-97e686ba-f2bbb0d3&_nocache=1523376381754689229 HTTP/1.1" 200 15082
::1 - - [11/Apr/2018:00:06:25 +0800] "GET /phpmyadmin/db_operations.php?db=website+forum&token=f002d8403658d0c4e537ddc7082093cc&ajax_request=true&ajax_page_request=true&menuHashes=67167085-34ab3975-ac69abf9-29ff8ae5-82175ece-97e686ba-f2bbb0d3&_nocache=1523376385209321939 HTTP/1.1" 200 32625
::1 - - [11/Apr/2018:00:06:31 +0800] "GET /phpmyadmin/db_operations.php?db_collation=latin1_swedish_ci&what=data&db_rename=true&db=website+forum&token=f002d8403658d0c4e537ddc7082093cc&newname=forum&ajax_request=true&is_js_confirmed=1&_nocache=1523376391472607131 HTTP/1.1" 200 3751
::1 - - [11/Apr/2018:00:06:31 +0800] "POST /phpmyadmin/navigation.php?ajax_request=1&token=f002d8403658d0c4e537ddc7082093cc HTTP/1.1" 200 3041
::1 - - [11/Apr/2018:00:06:31 +0800] "POST /phpmyadmin/navigation.php?ajax_request=1&token=f002d8403658d0c4e537ddc7082093cc HTTP/1.1" 200 3041
::1 - - [11/Apr/2018:00:06:32 +0800] "GET /phpmyadmin/db_structure.php?server=1&db=forum&token=f002d8403658d0c4e537ddc7082093cc&ajax_request=true&ajax_page_request=true&menuHashes=67167085-34ab3975-ac69abf9-29ff8ae5-82175ece-97e686ba-f2bbb0d3&_nocache=1523376392047501701 HTTP/1.1" 200 14778
::1 - - [11/Apr/2018:00:06:37 +0800] "GET /phpmyadmin/navigation.php?ajax_request=1&token=f002d8403658d0c4e537ddc7082093cc&aPath=cm9vdA%3D%3D.Zm9ydW0%3D&vPath=cm9vdA%3D%3D.Zm9ydW0%3D&pos=0&pos2_name=&pos2_value=&searchClause=&searchClause2=&_nocache=1523376397314427678 HTTP/1.1" 200 2845
::1 - - [11/Apr/2018:00:06:38 +0800] "GET /phpmyadmin/navigation.php?ajax_request=1&token=f002d8403658d0c4e537ddc7082093cc&aPath=cm9vdA%3D%3D.Zm9ydW0%3D.dGFibGVz.dXNlcl9hY2NvdW50&vPath=cm9vdA%3D%3D.Zm9ydW0%3D.VGFibGVz.dXNlcl9hY2NvdW50&pos=0&pos2_name=tables&pos2_value=0&searchClause=&searchClause2=&_nocache=1523376398970319214 HTTP/1.1" 200 3447
::1 - - [11/Apr/2018:00:07:46 +0800] "GET /phpmyadmin/sql.php?db=forum&token=f002d8403658d0c4e537ddc7082093cc&goto=db_structure.php&table=user_account&pos=0&ajax_request=true&ajax_page_request=true&menuHashes=67167085-34ab3975-ac69abf9-29ff8ae5-82175ece-97e686ba-f2bbb0d3&_nocache=1523376466697659622 HTTP/1.1" 200 10331
::1 - - [11/Apr/2018:00:07:46 +0800] "GET /phpmyadmin/index.php?ajax_request=1&recent_table=1&token=f002d8403658d0c4e537ddc7082093cc HTTP/1.1" 200 362
::1 - - [11/Apr/2018:00:07:47 +0800] "GET /phpmyadmin/tbl_structure.php?db=forum&table=user_account&token=f002d8403658d0c4e537ddc7082093cc&ajax_request=true&ajax_page_request=true&menuHashes=67167085-ac69abf9-29ff8ae5-82175ece-97e686ba-f2bbb0d3-fab05fcd&_nocache=1523376467946805376 HTTP/1.1" 200 32796
::1 - - [11/Apr/2018:00:07:48 +0800] "GET /phpmyadmin/index.php?ajax_request=1&recent_table=1&token=f002d8403658d0c4e537ddc7082093cc HTTP/1.1" 200 362
::1 - - [11/Apr/2018:00:14:05 +0800] "POST /phpmyadmin/tbl_structure.php HTTP/1.1" 200 69694
::1 - - [11/Apr/2018:00:14:18 +0800] "POST /phpmyadmin/tbl_structure.php HTTP/1.1" 200 32809
::1 - - [11/Apr/2018:00:14:18 +0800] "POST /phpmyadmin/navigation.php?ajax_request=1&token=f002d8403658d0c4e537ddc7082093cc HTTP/1.1" 200 9345
::1 - - [11/Apr/2018:00:20:07 +0800] "GET /phpmyadmin/sql.php?db=forum&table=user_account&token=f002d8403658d0c4e537ddc7082093cc&pos=0&ajax_request=true&ajax_page_request=true&menuHashes=67167085-29ff8ae5-82175ece-97e686ba-f2bbb0d3-fab05fcd-2bfa0d18&_nocache=1523377207184925234 HTTP/1.1" 200 7267
::1 - - [11/Apr/2018:00:20:07 +0800] "GET /phpmyadmin/index.php?ajax_request=1&recent_table=1&token=f002d8403658d0c4e537ddc7082093cc HTTP/1.1" 200 362
::1 - - [11/Apr/2018:00:20:08 +0800] "GET /phpmyadmin/tbl_change.php?db=forum&table=user_account&token=f002d8403658d0c4e537ddc7082093cc&ajax_request=true&ajax_page_request=true&menuHashes=67167085-29ff8ae5-82175ece-97e686ba-f2bbb0d3-fab05fcd-2bfa0d18&_nocache=1523377208529386901 HTTP/1.1" 200 42068
::1 - - [11/Apr/2018:00:20:08 +0800] "GET /phpmyadmin/themes/pmahomme/img/b_calendar.png HTTP/1.1" 200 638
::1 - - [11/Apr/2018:00:20:08 +0800] "GET /phpmyadmin/index.php?ajax_request=1&recent_table=1&token=f002d8403658d0c4e537ddc7082093cc HTTP/1.1" 200 362
::1 - - [11/Apr/2018:00:20:43 +0800] "POST /phpmyadmin/tbl_replace.php HTTP/1.1" 200 12612
::1 - - [11/Apr/2018:00:20:44 +0800] "GET /phpmyadmin/js/get_scripts.js.php?scripts[]=makegrid.js&scripts[]=sql.js HTTP/1.1" 200 35099
::1 - - [11/Apr/2018:00:20:44 +0800] "GET /phpmyadmin/index.php?ajax_request=1&recent_table=1&token=f002d8403658d0c4e537ddc7082093cc HTTP/1.1" 200 362
::1 - - [11/Apr/2018:00:20:51 +0800] "GET /forum/index.php HTTP/1.1" 200 617
::1 - - [11/Apr/2018:00:20:57 +0800] "POST /forum/login.php HTTP/1.1" 200 292
::1 - - [11/Apr/2018:00:21:11 +0800] "POST /forum/login.php HTTP/1.1" 200 361
::1 - - [11/Apr/2018:00:25:43 +0800] "POST /forum/login.php HTTP/1.1" 200 363
::1 - - [11/Apr/2018:00:25:50 +0800] "POST /forum/login.php HTTP/1.1" 200 363
::1 - - [11/Apr/2018:00:32:11 +0800] "POST /forum/login.php HTTP/1.1" 200 484
::1 - - [11/Apr/2018:00:33:25 +0800] "POST /forum/login.php HTTP/1.1" 200 484
::1 - - [11/Apr/2018:00:33:35 +0800] "GET /phpmyadmin/sql.php?db=forum&table=user_account&token=f002d8403658d0c4e537ddc7082093cc&pos=0&ajax_request=true&ajax_page_request=true&menuHashes=67167085-97e686ba-f2bbb0d3-fab05fcd-2bfa0d18-a7a038c1-dafc9862&_nocache=1523378015151123495 HTTP/1.1" 200 17044
::1 - - [11/Apr/2018:00:33:35 +0800] "GET /phpmyadmin/themes/pmahomme/img/col_pointer.png HTTP/1.1" 200 113
::1 - - [11/Apr/2018:00:33:35 +0800] "GET /phpmyadmin/themes/pmahomme/img/col_drop.png HTTP/1.1" 200 132
::1 - - [11/Apr/2018:00:33:35 +0800] "GET /phpmyadmin/themes/pmahomme/img/s_fulltext.png HTTP/1.1" 200 193
::1 - - [11/Apr/2018:00:33:35 +0800] "GET /phpmyadmin/index.php?ajax_request=1&recent_table=1&token=f002d8403658d0c4e537ddc7082093cc HTTP/1.1" 200 362
::1 - - [11/Apr/2018:00:35:03 +0800] "POST /forum/login.php HTTP/1.1" 200 182
::1 - - [11/Apr/2018:00:35:37 +0800] "POST /forum/login.php HTTP/1.1" 200 182
::1 - - [11/Apr/2018:00:35:42 +0800] "POST /forum/login.php HTTP/1.1" 200 182
::1 - - [11/Apr/2018:00:36:31 +0800] "POST /forum/login.php HTTP/1.1" 200 182
::1 - - [11/Apr/2018:00:37:54 +0800] "POST /forum/login.php HTTP/1.1" 200 34
::1 - - [11/Apr/2018:00:52:57 +0800] "GET /forum/index.php HTTP/1.1" 200 689
::1 - - [11/Apr/2018:00:53:01 +0800] "POST /forum/login.php HTTP/1.1" 200 42
::1 - - [11/Apr/2018:00:56:20 +0800] "GET /forum2/index.php HTTP/1.1" 200 618
::1 - - [11/Apr/2018:00:57:37 +0800] "GET /forum2/index.php HTTP/1.1" 200 618
::1 - - [11/Apr/2018:00:57:56 +0800] "GET /phpmyadmin/db_operations.php?server=1&db=f&token=f002d8403658d0c4e537ddc7082093cc&ajax_request=true&ajax_page_request=true&menuHashes=67167085-97e686ba-f2bbb0d3-fab05fcd-2bfa0d18-a7a038c1-dafc9862&_nocache=152337947647131404 HTTP/1.1" 200 287
::1 - - [11/Apr/2018:00:58:00 +0800] "GET /phpmyadmin/index.php?token=f002d8403658d0c4e537ddc7082093cc HTTP/1.1" 200 8125
::1 - - [11/Apr/2018:00:58:00 +0800] "GET /phpmyadmin/phpmyadmin.css.php?server=1&token=f002d8403658d0c4e537ddc7082093cc&nocache=4570005409ltr HTTP/1.1" 200 92653
::1 - - [11/Apr/2018:00:58:00 +0800] "GET /phpmyadmin/sql.php?db=forum&table=user_account&server=1&target=&token=f002d8403658d0c4e537ddc7082093cc HTTP/1.1" 200 8236
::1 - - [11/Apr/2018:00:58:00 +0800] "GET /phpmyadmin/js/messages.php?lang=en&db=forum&token=f002d8403658d0c4e537ddc7082093cc HTTP/1.1" 200 16679
::1 - - [11/Apr/2018:00:58:05 +0800] "POST /phpmyadmin/index.php HTTP/1.1" 302 -
::1 - - [11/Apr/2018:00:58:06 +0800] "GET /phpmyadmin/index.php?db=forum&table=user_account&target=sql.php&token=f002d8403658d0c4e537ddc7082093cc HTTP/1.1" 200 28671
::1 - - [11/Apr/2018:00:58:06 +0800] "GET /phpmyadmin/js/get_scripts.js.php?scripts[]=jquery/jquery-1.8.3.js&scripts[]=ajax.js&scripts[]=keyhandler.js&scripts[]=jquery/jquery-ui-1.9.2.custom.js&scripts[]=jquery/jquery.sprintf.js&scripts[]=jquery/jquery.cookie.js&scripts[]=jquery/jquery.mousewheel.js&scripts[]=jquery/jquery.event.drag-2.2.js&scripts[]=jquery/jquery-ui-timepicker-addon.js&scripts[]=jquery/jquery.ba-hashchange-1.3.js&scripts[]=jquery/jquery.debounce-1.0.5.js&scripts[]=jquery/jquery.menuResizer-1.0.js&scripts[]=rte.js&scripts[]=functions.js&scripts[]=navigation.js&scripts[]=indexes.js&scripts[]=common.js&scripts[]=tbl_change.js&scripts[]=tbl_structure.js&scripts[]=gis_data_editor.js&scripts[]=makegrid.js&scripts[]=sql.js&scripts[]=codemirror/lib/codemirror.js&scripts[]=codemirror/mode/mysql/mysql.js HTTP/1.1" 200 635923
::1 - - [11/Apr/2018:00:58:06 +0800] "GET /phpmyadmin/phpmyadmin.css.php?server=1&token=f002d8403658d0c4e537ddc7082093cc&nocache=6093381706ltr HTTP/1.1" 200 92653
::1 - - [11/Apr/2018:00:58:06 +0800] "GET /phpmyadmin/js/messages.php?lang=en&db=forum&server=0&token=f002d8403658d0c4e537ddc7082093cc HTTP/1.1" 200 16679
::1 - - [11/Apr/2018:00:58:06 +0800] "GET /phpmyadmin/index.php?ajax_request=1&recent_table=1&token=f002d8403658d0c4e537ddc7082093cc HTTP/1.1" 200 362
::1 - - [11/Apr/2018:00:58:08 +0800] "GET /phpmyadmin/db_operations.php?server=1&db=f&token=f002d8403658d0c4e537ddc7082093cc&ajax_request=true&ajax_page_request=true&menuHashes=4381effc&_nocache=1523379488078559955 HTTP/1.1" 200 35481
::1 - - [11/Apr/2018:00:58:08 +0800] "GET /phpmyadmin/js/get_scripts.js.php?scripts[]=db_operations.js HTTP/1.1" 200 1854
::1 - - [11/Apr/2018:00:58:10 +0800] "GET /phpmyadmin/db_structure.php?server=1&db=f&token=f002d8403658d0c4e537ddc7082093cc&ajax_request=true&ajax_page_request=true&menuHashes=4381effc-43a9f00e&_nocache=1523379490390805012 HTTP/1.1" 200 17568
::1 - - [11/Apr/2018:00:58:10 +0800] "GET /phpmyadmin/js/get_scripts.js.php?scripts[]=db_structure.js HTTP/1.1" 200 5367
::1 - - [11/Apr/2018:00:58:13 +0800] "GET /phpmyadmin/sql.php?db=f&token=f002d8403658d0c4e537ddc7082093cc&goto=db_structure.php&table=pm&pos=0&ajax_request=true&ajax_page_request=true&menuHashes=4381effc-43a9f00e-f2bbb0d3&_nocache=1523379493119137206 HTTP/1.1" 200 9827
::1 - - [11/Apr/2018:00:58:13 +0800] "GET /phpmyadmin/index.php?ajax_request=1&recent_table=1&token=f002d8403658d0c4e537ddc7082093cc HTTP/1.1" 200 462
::1 - - [11/Apr/2018:00:58:14 +0800] "GET /phpmyadmin/tbl_structure.php?db=f&table=pm&token=f002d8403658d0c4e537ddc7082093cc&ajax_request=true&ajax_page_request=true&menuHashes=4381effc-43a9f00e-f2bbb0d3-689dafb4&_nocache=1523379494461163342 HTTP/1.1" 200 46865
::1 - - [11/Apr/2018:00:58:14 +0800] "GET /phpmyadmin/index.php?ajax_request=1&recent_table=1&token=f002d8403658d0c4e537ddc7082093cc HTTP/1.1" 200 462
::1 - - [11/Apr/2018:00:58:29 +0800] "GET /phpmyadmin/db_structure.php?server=1&db=forum&token=f002d8403658d0c4e537ddc7082093cc&ajax_request=true&ajax_page_request=true&menuHashes=4381effc-43a9f00e-f2bbb0d3-689dafb4-4fe72fd5&_nocache=1523379509718722998 HTTP/1.1" 200 17829
::1 - - [11/Apr/2018:00:58:37 +0800] "GET /phpmyadmin/sql.php?db=forum&token=f002d8403658d0c4e537ddc7082093cc&goto=db_structure.php&table=thread&pos=0&ajax_request=true&ajax_page_request=true&menuHashes=4381effc-43a9f00e-f2bbb0d3-689dafb4-4fe72fd5-34ab3975&_nocache=1523379517854673969 HTTP/1.1" 200 10091
::1 - - [11/Apr/2018:00:58:37 +0800] "GET /phpmyadmin/index.php?ajax_request=1&recent_table=1&token=f002d8403658d0c4e537ddc7082093cc HTTP/1.1" 200 578
::1 - - [11/Apr/2018:00:58:39 +0800] "GET /phpmyadmin/tbl_structure.php?db=forum&table=thread&token=f002d8403658d0c4e537ddc7082093cc&ajax_request=true&ajax_page_request=true&menuHashes=4381effc-43a9f00e-f2bbb0d3-689dafb4-4fe72fd5-34ab3975-b852c6a4&_nocache=1523379519140438597 HTTP/1.1" 200 32011
::1 - - [11/Apr/2018:00:58:39 +0800] "GET /phpmyadmin/index.php?ajax_request=1&recent_table=1&token=f002d8403658d0c4e537ddc7082093cc HTTP/1.1" 200 578
::1 - - [11/Apr/2018:00:58:45 +0800] "GET /phpmyadmin/sql.php?db=forum&table=thread&token=f002d8403658d0c4e537ddc7082093cc&pos=0&ajax_request=true&ajax_page_request=true&menuHashes=43a9f00e-f2bbb0d3-689dafb4-4fe72fd5-34ab3975-b852c6a4-f76c81ad&_nocache=1523379525725907230 HTTP/1.1" 200 7093
::1 - - [11/Apr/2018:00:58:45 +0800] "GET /phpmyadmin/index.php?ajax_request=1&recent_table=1&token=f002d8403658d0c4e537ddc7082093cc HTTP/1.1" 200 578
::1 - - [11/Apr/2018:01:00:38 +0800] "GET /phpmyadmin/db_structure.php?server=1&db=forum&token=f002d8403658d0c4e537ddc7082093cc&ajax_request=true&ajax_page_request=true&menuHashes=43a9f00e-f2bbb0d3-689dafb4-4fe72fd5-34ab3975-b852c6a4-f76c81ad&_nocache=1523379638741860318 HTTP/1.1" 200 14775
::1 - - [11/Apr/2018:01:00:40 +0800] "GET /phpmyadmin/sql.php?db=forum&token=f002d8403658d0c4e537ddc7082093cc&goto=db_structure.php&table=post&pos=0&ajax_request=true&ajax_page_request=true&menuHashes=43a9f00e-f2bbb0d3-689dafb4-4fe72fd5-34ab3975-b852c6a4-f76c81ad&_nocache=1523379640702847787 HTTP/1.1" 200 10011
::1 - - [11/Apr/2018:01:00:40 +0800] "GET /phpmyadmin/index.php?ajax_request=1&recent_table=1&token=f002d8403658d0c4e537ddc7082093cc HTTP/1.1" 200 690
::1 - - [11/Apr/2018:01:00:42 +0800] "GET /phpmyadmin/tbl_structure.php?db=forum&table=post&token=f002d8403658d0c4e537ddc7082093cc&ajax_request=true&ajax_page_request=true&menuHashes=f2bbb0d3-689dafb4-4fe72fd5-34ab3975-b852c6a4-f76c81ad-65078cda&_nocache=1523379642133708890 HTTP/1.1" 200 32967
::1 - - [11/Apr/2018:01:00:42 +0800] "GET /phpmyadmin/index.php?ajax_request=1&recent_table=1&token=f002d8403658d0c4e537ddc7082093cc HTTP/1.1" 200 690
::1 - - [11/Apr/2018:01:07:21 +0800] "GET /forum/hash_pass.php HTTP/1.1" 200 173
::1 - - [11/Apr/2018:01:09:18 +0800] "GET /forum/hash_pass.php HTTP/1.1" 200 172
::1 - - [11/Apr/2018:01:09:19 +0800] "GET /forum/hash_pass.php HTTP/1.1" 200 172
::1 - - [11/Apr/2018:01:09:20 +0800] "GET /forum/hash_pass.php HTTP/1.1" 200 172
::1 - - [11/Apr/2018:01:09:20 +0800] "GET /forum/hash_pass.php HTTP/1.1" 200 172
::1 - - [11/Apr/2018:01:09:34 +0800] "GET /forum/hash_pass.php HTTP/1.1" 200 172
::1 - - [11/Apr/2018:01:09:35 +0800] "GET /forum/hash_pass.php HTTP/1.1" 200 172
::1 - - [11/Apr/2018:01:09:36 +0800] "GET /forum/hash_pass.php HTTP/1.1" 200 172
::1 - - [11/Apr/2018:01:09:42 +0800] "GET /forum/hash_pass.php HTTP/1.1" 200 172
::1 - - [11/Apr/2018:01:09:42 +0800] "GET /forum/hash_pass.php HTTP/1.1" 200 172
::1 - - [11/Apr/2018:01:09:43 +0800] "GET /forum/hash_pass.php HTTP/1.1" 200 172
::1 - - [11/Apr/2018:01:29:00 +0800] "GET /forum/register.php HTTP/1.1" 200 697
::1 - - [11/Apr/2018:01:29:20 +0800] "GET /forum/register.php HTTP/1.1" 200 646
::1 - - [11/Apr/2018:01:29:30 +0800] "POST /forum/register_pase.php HTTP/1.1" 404 221
::1 - - [11/Apr/2018:01:29:50 +0800] "POST /forum/register_pase.php HTTP/1.1" 200 183
::1 - - [11/Apr/2018:01:31:11 +0800] "GET /phpmyadmin/db_structure.php?server=1&db=forum&token=f002d8403658d0c4e537ddc7082093cc&ajax_request=true&ajax_page_request=true&menuHashes=689dafb4-4fe72fd5-34ab3975-b852c6a4-f76c81ad-65078cda-c8ffe37c&_nocache=1523381471507854506 HTTP/1.1" 200 287
::1 - - [11/Apr/2018:01:31:13 +0800] "GET /phpmyadmin/themes/pmahomme/jquery/jquery-ui-1.9.2.custom.css HTTP/1.1" 304 -
::1 - - [11/Apr/2018:01:31:13 +0800] "GET /phpmyadmin/index.php?db=forum&table=user_account&target=sql.php&token=f002d8403658d0c4e537ddc7082093cc HTTP/1.1" 200 8271
::1 - - [11/Apr/2018:01:31:13 +0800] "GET /phpmyadmin/themes/pmahomme/img/logo_right.png HTTP/1.1" 304 -
::1 - - [11/Apr/2018:01:31:13 +0800] "GET /phpmyadmin/themes/dot.gif HTTP/1.1" 304 -
::1 - - [11/Apr/2018:01:31:13 +0800] "GET /phpmyadmin/js/get_scripts.js.php?scripts[]=jquery/jquery-1.8.3.js&scripts[]=ajax.js&scripts[]=keyhandler.js&scripts[]=jquery/jquery-ui-1.9.2.custom.js&scripts[]=jquery/jquery.sprintf.js&scripts[]=jquery/jquery.cookie.js&scripts[]=jquery/jquery.mousewheel.js&scripts[]=jquery/jquery.event.drag-2.2.js&scripts[]=jquery/jquery-ui-timepicker-addon.js&scripts[]=jquery/jquery.ba-hashchange-1.3.js&scripts[]=jquery/jquery.debounce-1.0.5.js&scripts[]=jquery/jquery.menuResizer-1.0.js&scripts[]=rte.js&scripts[]=functions.js&scripts[]=navigation.js&scripts[]=indexes.js&scripts[]=common.js&scripts[]=codemirror/lib/codemirror.js&scripts[]=codemirror/mode/mysql/mysql.js HTTP/1.1" 200 578621
::1 - - [11/Apr/2018:01:31:13 +0800] "GET /phpmyadmin/tbl_structure.php?db=forum&table=post&server=1&target=&token=f002d8403658d0c4e537ddc7082093cc HTTP/1.1" 200 8222
::1 - - [11/Apr/2018:01:31:13 +0800] "GET /phpmyadmin/themes/pmahomme/img/sprites.png HTTP/1.1" 304 -
::1 - - [11/Apr/2018:01:31:18 +0800] "POST /phpmyadmin/index.php HTTP/1.1" 302 -
::1 - - [11/Apr/2018:01:31:18 +0800] "GET /phpmyadmin/index.php?db=forum&table=post&target=tbl_structure.php&token=f002d8403658d0c4e537ddc7082093cc HTTP/1.1" 200 38865
::1 - - [11/Apr/2018:01:31:18 +0800] "GET /phpmyadmin/themes/pmahomme/img/logo_left.png HTTP/1.1" 304 -
::1 - - [11/Apr/2018:01:31:18 +0800] "GET /phpmyadmin/themes/pmahomme/img/ajax_clock_small.gif HTTP/1.1" 304 -
::1 - - [11/Apr/2018:01:31:18 +0800] "GET /phpmyadmin/themes/pmahomme/img/arrow_ltr.png HTTP/1.1" 304 -
::1 - - [11/Apr/2018:01:31:18 +0800] "GET /phpmyadmin/js/get_scripts.js.php?scripts[]=jquery/jquery-1.8.3.js&scripts[]=ajax.js&scripts[]=keyhandler.js&scripts[]=jquery/jquery-ui-1.9.2.custom.js&scripts[]=jquery/jquery.sprintf.js&scripts[]=jquery/jquery.cookie.js&scripts[]=jquery/jquery.mousewheel.js&scripts[]=jquery/jquery.event.drag-2.2.js&scripts[]=jquery/jquery-ui-timepicker-addon.js&scripts[]=jquery/jquery.ba-hashchange-1.3.js&scripts[]=jquery/jquery.debounce-1.0.5.js&scripts[]=jquery/jquery.menuResizer-1.0.js&scripts[]=rte.js&scripts[]=functions.js&scripts[]=navigation.js&scripts[]=indexes.js&scripts[]=common.js&scripts[]=tbl_structure.js&scripts[]=codemirror/lib/codemirror.js&scripts[]=codemirror/mode/mysql/mysql.js HTTP/1.1" 200 586117
::1 - - [11/Apr/2018:01:31:18 +0800] "GET /phpmyadmin/themes/pmahomme/img/left_nav_bg.png HTTP/1.1" 304 -
::1 - - [11/Apr/2018:01:31:18 +0800] "GET /phpmyadmin/index.php?ajax_request=1&recent_table=1&token=f002d8403658d0c4e537ddc7082093cc HTTP/1.1" 200 690
::1 - - [11/Apr/2018:01:31:20 +0800] "GET /phpmyadmin/navigation.php?ajax_request=1&token=f002d8403658d0c4e537ddc7082093cc&aPath=cm9vdA%3D%3D.Zm9ydW0%3D&vPath=cm9vdA%3D%3D.Zm9ydW0%3D&pos=0&pos2_name=&pos2_value=&searchClause=&searchClause2=&_nocache=1523381480976219959 HTTP/1.1" 200 2845
::1 - - [11/Apr/2018:01:31:22 +0800] "GET /phpmyadmin/sql.php?server=1&db=forum&table=user_account&pos=0&token=f002d8403658d0c4e537ddc7082093cc&ajax_request=true&ajax_page_request=true&menuHashes=cdcafa71&_nocache=1523381482637691737 HTTP/1.1" 200 20110
::1 - - [11/Apr/2018:01:31:22 +0800] "GET /phpmyadmin/js/get_scripts.js.php?scripts[]=tbl_change.js&scripts[]=gis_data_editor.js&scripts[]=makegrid.js&scripts[]=sql.js HTTP/1.1" 200 49806
::1 - - [11/Apr/2018:01:31:22 +0800] "GET /phpmyadmin/index.php?ajax_request=1&recent_table=1&token=f002d8403658d0c4e537ddc7082093cc HTTP/1.1" 200 690
::1 - - [11/Apr/2018:01:31:24 +0800] "GET /phpmyadmin/tbl_structure.php?db=forum&table=user_account&token=f002d8403658d0c4e537ddc7082093cc&ajax_request=true&ajax_page_request=true&menuHashes=cdcafa71-fab05fcd&_nocache=1523381484261955528 HTTP/1.1" 200 32739
::1 - - [11/Apr/2018:01:31:24 +0800] "GET /phpmyadmin/index.php?ajax_request=1&recent_table=1&token=f002d8403658d0c4e537ddc7082093cc HTTP/1.1" 200 690
::1 - - [11/Apr/2018:01:32:05 +0800] "POST /forum/register_pase.php HTTP/1.1" 200 183
::1 - - [11/Apr/2018:01:36:02 +0800] "POST /forum/register_pase.php HTTP/1.1" 200 183
::1 - - [11/Apr/2018:01:37:05 +0800] "POST /forum/register_pase.php HTTP/1.1" 200 183
::1 - - [11/Apr/2018:01:37:10 +0800] "POST /forum/register_pase.php HTTP/1.1" 200 183
::1 - - [11/Apr/2018:01:39:42 +0800] "POST /forum/register_pase.php HTTP/1.1" 200 183
::1 - - [11/Apr/2018:01:40:10 +0800] "POST /forum/register_pase.php HTTP/1.1" 200 183
::1 - - [11/Apr/2018:01:40:16 +0800] "POST /forum/register_pase.php HTTP/1.1" 200 183
::1 - - [11/Apr/2018:01:40:28 +0800] "POST /forum/register_pase.php HTTP/1.1" 200 183
::1 - - [11/Apr/2018:01:45:02 +0800] "GET /forum/register.php HTTP/1.1" 200 646
::1 - - [11/Apr/2018:01:45:06 +0800] "POST /forum/register_pase.php HTTP/1.1" 200 183
::1 - - [11/Apr/2018:01:46:46 +0800] "POST /forum/register_pase.php HTTP/1.1" 200 163
::1 - - [11/Apr/2018:01:46:56 +0800] "POST /forum/register_pase.php HTTP/1.1" 200 163
::1 - - [11/Apr/2018:01:47:00 +0800] "POST /forum/register_pase.php HTTP/1.1" 200 163
::1 - - [11/Apr/2018:01:47:06 +0800] "POST /forum/register_pase.php HTTP/1.1" 200 29
::1 - - [11/Apr/2018:01:47:19 +0800] "POST /forum/register_pase.php HTTP/1.1" 200 163
::1 - - [11/Apr/2018:01:48:02 +0800] "GET /phpmyadmin/sql.php?server=1&db=forum&table=user_account&pos=0&token=f002d8403658d0c4e537ddc7082093cc&ajax_request=true&ajax_page_request=true&menuHashes=cdcafa71-fab05fcd-2bfa0d18&_nocache=1523382482347127947 HTTP/1.1" 200 21145
::1 - - [11/Apr/2018:01:48:02 +0800] "GET /phpmyadmin/index.php?ajax_request=1&recent_table=1&token=f002d8403658d0c4e537ddc7082093cc HTTP/1.1" 200 690
::1 - - [11/Apr/2018:01:48:14 +0800] "GET /phpmyadmin/themes/pmahomme/jquery/images/ui-bg_flat_75_ffffff_40x100.png HTTP/1.1" 304 -
::1 - - [11/Apr/2018:01:48:14 +0800] "GET /phpmyadmin/themes/pmahomme/jquery/images/ui-icons_222222_256x240.png HTTP/1.1" 304 -
::1 - - [11/Apr/2018:01:48:14 +0800] "GET /phpmyadmin/themes/pmahomme/jquery/images/ui-bg_glass_75_e6e6e6_1x400.png HTTP/1.1" 304 -
::1 - - [11/Apr/2018:01:48:14 +0800] "GET /phpmyadmin/themes/pmahomme/jquery/images/ui-bg_highlight-soft_75_cccccc_1x100.png HTTP/1.1" 304 -
::1 - - [11/Apr/2018:01:48:14 +0800] "GET /phpmyadmin/themes/pmahomme/jquery/images/ui-bg_flat_0_aaaaaa_40x100.png HTTP/1.1" 304 -
::1 - - [11/Apr/2018:01:48:14 +0800] "GET /phpmyadmin/themes/pmahomme/jquery/images/ui-bg_glass_75_dadada_1x400.png HTTP/1.1" 304 -
::1 - - [11/Apr/2018:01:48:15 +0800] "GET /phpmyadmin/themes/pmahomme/jquery/images/ui-bg_glass_65_ffffff_1x400.png HTTP/1.1" 304 -
::1 - - [11/Apr/2018:01:48:15 +0800] "GET /phpmyadmin/sql.php?db=forum&table=user_account&sql_query=DELETE+FROM+%60forum%60.%60user_account%60+WHERE+%60user_account%60.%60id%60+%3D+123&message_to_show=The+row+has+been+deleted&goto=sql.php%3Fdb%3Dforum%26table%3Duser_account%26sql_query%3DSELECT%2B%252A%2BFROM%2B%2560user_account%2560%26message_to_show%3DThe%2Brow%2Bhas%2Bbeen%2Bdeleted%26goto%3Dtbl_sql.php%26token%3Df002d8403658d0c4e537ddc7082093cc&token=f002d8403658d0c4e537ddc7082093cc&ajax_request=true&is_js_confirmed=true&_nocache=1523382495870287056 HTTP/1.1" 200 2605
::1 - - [11/Apr/2018:01:48:20 +0800] "GET /phpmyadmin/sql.php?db=forum&table=user_account&sql_query=DELETE+FROM+%60forum%60.%60user_account%60+WHERE+%60user_account%60.%60id%60+%3D+0&message_to_show=The+row+has+been+deleted&goto=sql.php%3Fdb%3Dforum%26table%3Duser_account%26sql_query%3DSELECT%2B%252A%2BFROM%2B%2560user_account%2560%26message_to_show%3DThe%2Brow%2Bhas%2Bbeen%2Bdeleted%26goto%3Dtbl_sql.php%26token%3Df002d8403658d0c4e537ddc7082093cc&token=f002d8403658d0c4e537ddc7082093cc&ajax_request=true&is_js_confirmed=true&_nocache=1523382500372904444 HTTP/1.1" 200 2595
::1 - - [11/Apr/2018:01:48:39 +0800] "POST /forum/register_pase.php HTTP/1.1" 200 163
::1 - - [11/Apr/2018:01:48:58 +0800] "POST /forum/register_pase.php HTTP/1.1" 200 33
::1 - - [11/Apr/2018:01:49:05 +0800] "GET /phpmyadmin/index.php?db=forum&table=post&target=tbl_structure.php&token=f002d8403658d0c4e537ddc7082093cc HTTP/1.1" 200 38865
::1 - - [11/Apr/2018:01:49:05 +0800] "GET /phpmyadmin/sql.php?db=forum&table=user_account&server=1&target=&token=f002d8403658d0c4e537ddc7082093cc HTTP/1.1" 200 28940
::1 - - [11/Apr/2018:01:49:05 +0800] "GET /phpmyadmin/themes/pmahomme/img/s_fulltext.png HTTP/1.1" 304 -
::1 - - [11/Apr/2018:01:49:05 +0800] "GET /phpmyadmin/themes/pmahomme/img/col_pointer.png HTTP/1.1" 304 -
::1 - - [11/Apr/2018:01:49:05 +0800] "GET /phpmyadmin/themes/pmahomme/img/col_drop.png HTTP/1.1" 304 -
::1 - - [11/Apr/2018:01:49:05 +0800] "GET /phpmyadmin/favicon.ico HTTP/1.1" 200 18902
::1 - - [11/Apr/2018:01:49:05 +0800] "GET /phpmyadmin/index.php?ajax_request=1&recent_table=1&token=f002d8403658d0c4e537ddc7082093cc HTTP/1.1" 200 690
::1 - - [11/Apr/2018:02:36:55 +0800] "POST /forum/register_pase.php HTTP/1.1" 200 163
::1 - - [11/Apr/2018:02:37:08 +0800] "POST /forum/register_pase.php HTTP/1.1" 200 179
::1 - - [11/Apr/2018:02:37:58 +0800] "POST /forum/register_pase.php HTTP/1.1" 200 179
::1 - - [11/Apr/2018:02:38:01 +0800] "POST /forum/register_pase.php HTTP/1.1" 200 179
::1 - - [11/Apr/2018:02:39:23 +0800] "POST /forum/register_pase.php HTTP/1.1" 200 179
::1 - - [11/Apr/2018:02:39:30 +0800] "POST /forum/register_pase.php HTTP/1.1" 200 179
::1 - - [11/Apr/2018:02:42:00 +0800] "POST /forum/register_pase.php HTTP/1.1" 200 179
::1 - - [11/Apr/2018:02:42:02 +0800] "POST /forum/register_pase.php HTTP/1.1" 200 179
::1 - - [11/Apr/2018:02:42:14 +0800] "POST /forum/register_pase.php HTTP/1.1" 200 179
::1 - - [11/Apr/2018:02:43:59 +0800] "POST /forum/register_pase.php HTTP/1.1" 200 179
::1 - - [11/Apr/2018:02:44:27 +0800] "POST /forum/register_pase.php HTTP/1.1" 200 171
::1 - - [11/Apr/2018:02:45:42 +0800] "POST /forum/register_pase.php HTTP/1.1" 200 171
::1 - - [11/Apr/2018:02:45:47 +0800] "POST /forum/register_pase.php HTTP/1.1" 200 171
::1 - - [11/Apr/2018:02:45:56 +0800] "POST /forum/register_pase.php HTTP/1.1" 200 171
::1 - - [11/Apr/2018:02:46:02 +0800] "POST /forum/register_pase.php HTTP/1.1" 200 177
::1 - - [11/Apr/2018:02:46:40 +0800] "POST /forum/register_pase.php HTTP/1.1" 200 177
::1 - - [11/Apr/2018:02:47:12 +0800] "POST /forum/register_pase.php HTTP/1.1" 200 339
::1 - - [11/Apr/2018:02:48:21 +0800] "POST /forum/register_pase.php HTTP/1.1" 200 339
::1 - - [11/Apr/2018:02:49:12 +0800] "POST /forum/register_pase.php HTTP/1.1" 200 159
::1 - - [11/Apr/2018:02:49:35 +0800] "POST /forum/register_pase.php HTTP/1.1" 200 159
::1 - - [11/Apr/2018:02:50:22 +0800] "POST /forum/register_pase.php HTTP/1.1" 200 159
::1 - - [11/Apr/2018:02:50:36 +0800] "POST /forum/register_pase.php HTTP/1.1" 200 159
::1 - - [11/Apr/2018:02:50:43 +0800] "POST /forum/register_pase.php HTTP/1.1" 200 159
::1 - - [11/Apr/2018:02:50:52 +0800] "POST /forum/register_pase.php HTTP/1.1" 200 162
::1 - - [11/Apr/2018:02:51:01 +0800] "POST /forum/register_pase.php HTTP/1.1" 200 159
::1 - - [11/Apr/2018:02:52:03 +0800] "POST /forum/register_pase.php HTTP/1.1" 200 157
::1 - - [11/Apr/2018:02:52:23 +0800] "POST /forum/register_pase.php HTTP/1.1" 200 166
::1 - - [11/Apr/2018:02:53:17 +0800] "POST /forum/register_pase.php HTTP/1.1" 200 159
::1 - - [11/Apr/2018:02:55:35 +0800] "POST /forum/register_pase.php HTTP/1.1" 200 166
::1 - - [11/Apr/2018:02:56:28 +0800] "GET /forum/hash_pass.php HTTP/1.1" 200 172
::1 - - [11/Apr/2018:02:56:30 +0800] "GET /forum/hash_pass.php HTTP/1.1" 200 172
::1 - - [11/Apr/2018:02:56:31 +0800] "GET /forum/hash_pass.php HTTP/1.1" 200 172
::1 - - [11/Apr/2018:02:56:31 +0800] "GET /forum/hash_pass.php HTTP/1.1" 200 172
::1 - - [11/Apr/2018:02:57:32 +0800] "POST /forum/register_pase.php HTTP/1.1" 200 -
::1 - - [11/Apr/2018:02:57:40 +0800] "POST /forum/register_pase.php HTTP/1.1" 200 -
::1 - - [11/Apr/2018:02:58:22 +0800] "GET /phpmyadmin HTTP/1.1" 301 236
::1 - - [11/Apr/2018:02:58:22 +0800] "GET /phpmyadmin/themes/pmahomme/jquery/jquery-ui-1.9.2.custom.css HTTP/1.1" 304 -
::1 - - [11/Apr/2018:02:58:22 +0800] "GET /phpmyadmin/ HTTP/1.1" 200 8125
::1 - - [11/Apr/2018:02:58:22 +0800] "GET /phpmyadmin/themes/pmahomme/img/logo_right.png HTTP/1.1" 304 -
::1 - - [11/Apr/2018:02:58:22 +0800] "GET /phpmyadmin/themes/dot.gif HTTP/1.1" 304 -
::1 - - [11/Apr/2018:02:58:22 +0800] "GET /phpmyadmin/js/get_scripts.js.php?scripts[]=jquery/jquery-1.8.3.js&scripts[]=ajax.js&scripts[]=keyhandler.js&scripts[]=jquery/jquery-ui-1.9.2.custom.js&scripts[]=jquery/jquery.sprintf.js&scripts[]=jquery/jquery.cookie.js&scripts[]=jquery/jquery.mousewheel.js&scripts[]=jquery/jquery.event.drag-2.2.js&scripts[]=jquery/jquery-ui-timepicker-addon.js&scripts[]=jquery/jquery.ba-hashchange-1.3.js&scripts[]=jquery/jquery.debounce-1.0.5.js&scripts[]=jquery/jquery.menuResizer-1.0.js&scripts[]=rte.js&scripts[]=functions.js&scripts[]=navigation.js&scripts[]=indexes.js&scripts[]=common.js&scripts[]=codemirror/lib/codemirror.js&scripts[]=codemirror/mode/mysql/mysql.js HTTP/1.1" 200 578621
::1 - - [11/Apr/2018:02:58:22 +0800] "GET /phpmyadmin/themes/pmahomme/img/sprites.png HTTP/1.1" 304 -
::1 - - [11/Apr/2018:02:58:27 +0800] "POST /phpmyadmin/index.php HTTP/1.1" 302 -
::1 - - [11/Apr/2018:02:58:27 +0800] "GET /phpmyadmin/index.php?token=f002d8403658d0c4e537ddc7082093cc HTTP/1.1" 200 45311
::1 - - [11/Apr/2018:02:58:27 +0800] "GET /phpmyadmin/themes/pmahomme/img/logo_left.png HTTP/1.1" 304 -
::1 - - [11/Apr/2018:02:58:27 +0800] "GET /phpmyadmin/themes/pmahomme/img/ajax_clock_small.gif HTTP/1.1" 304 -
::1 - - [11/Apr/2018:02:58:28 +0800] "GET /phpmyadmin/themes/pmahomme/img/left_nav_bg.png HTTP/1.1" 304 -
::1 - - [11/Apr/2018:02:58:28 +0800] "GET /phpmyadmin/version_check.php?&_nocache=1523386708079181090 HTTP/1.1" 200 39
::1 - - [11/Apr/2018:02:58:30 +0800] "GET /phpmyadmin/db_structure.php?server=1&db=forum&token=f002d8403658d0c4e537ddc7082093cc&ajax_request=true&ajax_page_request=true&menuHashes=5be073ec&_nocache=1523386710316512516 HTTP/1.1" 200 17829
::1 - - [11/Apr/2018:02:58:30 +0800] "GET /phpmyadmin/themes/pmahomme/img/arrow_ltr.png HTTP/1.1" 304 -
::1 - - [11/Apr/2018:02:58:30 +0800] "GET /phpmyadmin/js/get_scripts.js.php?scripts[]=db_structure.js&scripts[]=tbl_change.js HTTP/1.1" 200 12382
::1 - - [11/Apr/2018:02:58:32 +0800] "GET /phpmyadmin/sql.php?db=forum&token=f002d8403658d0c4e537ddc7082093cc&goto=db_structure.php&table=user_account&pos=0&ajax_request=true&ajax_page_request=true&menuHashes=5be073ec-34ab3975&_nocache=152338671210419973 HTTP/1.1" 200 20090
::1 - - [11/Apr/2018:02:58:32 +0800] "GET /phpmyadmin/themes/pmahomme/img/s_fulltext.png HTTP/1.1" 200 193
::1 - - [11/Apr/2018:02:58:32 +0800] "GET /phpmyadmin/js/get_scripts.js.php?scripts[]=tbl_structure.js&scripts[]=gis_data_editor.js&scripts[]=makegrid.js&scripts[]=sql.js HTTP/1.1" 200 50287
::1 - - [11/Apr/2018:02:58:32 +0800] "GET /phpmyadmin/themes/pmahomme/img/col_pointer.png HTTP/1.1" 200 113
::1 - - [11/Apr/2018:02:58:32 +0800] "GET /phpmyadmin/themes/pmahomme/img/col_drop.png HTTP/1.1" 200 132
::1 - - [11/Apr/2018:02:58:32 +0800] "GET /phpmyadmin/index.php?ajax_request=1&recent_table=1&token=f002d8403658d0c4e537ddc7082093cc HTTP/1.1" 200 690
::1 - - [11/Apr/2018:02:58:47 +0800] "GET /forum/register.php HTTP/1.1" 200 646
::1 - - [11/Apr/2018:02:58:53 +0800] "POST /forum/register_pase.php HTTP/1.1" 200 576
::1 - - [11/Apr/2018:02:59:10 +0800] "POST /forum/register_pase.php HTTP/1.1" 200 -
::1 - - [11/Apr/2018:02:59:17 +0800] "GET /phpmyadmin/index.php?token=f002d8403658d0c4e537ddc7082093cc HTTP/1.1" 200 45311
::1 - - [11/Apr/2018:02:59:17 +0800] "GET /phpmyadmin/sql.php?db=forum&table=user_account&server=1&target=&token=f002d8403658d0c4e537ddc7082093cc HTTP/1.1" 200 28940
::1 - - [11/Apr/2018:02:59:17 +0800] "GET /phpmyadmin/js/get_scripts.js.php?scripts[]=jquery/jquery-1.8.3.js&scripts[]=ajax.js&scripts[]=keyhandler.js&scripts[]=jquery/jquery-ui-1.9.2.custom.js&scripts[]=jquery/jquery.sprintf.js&scripts[]=jquery/jquery.cookie.js&scripts[]=jquery/jquery.mousewheel.js&scripts[]=jquery/jquery.event.drag-2.2.js&scripts[]=jquery/jquery-ui-timepicker-addon.js&scripts[]=jquery/jquery.ba-hashchange-1.3.js&scripts[]=jquery/jquery.debounce-1.0.5.js&scripts[]=jquery/jquery.menuResizer-1.0.js&scripts[]=rte.js&scripts[]=functions.js&scripts[]=navigation.js&scripts[]=indexes.js&scripts[]=common.js&scripts[]=tbl_change.js&scripts[]=tbl_structure.js&scripts[]=gis_data_editor.js&scripts[]=makegrid.js&scripts[]=sql.js&scripts[]=codemirror/lib/codemirror.js&scripts[]=codemirror/mode/mysql/mysql.js HTTP/1.1" 200 635923
::1 - - [11/Apr/2018:02:59:17 +0800] "GET /phpmyadmin/index.php?ajax_request=1&recent_table=1&token=f002d8403658d0c4e537ddc7082093cc HTTP/1.1" 200 690
::1 - - [11/Apr/2018:02:59:23 +0800] "GET /phpmyadmin/index.php?token=f002d8403658d0c4e537ddc7082093cc HTTP/1.1" 200 45311
::1 - - [11/Apr/2018:02:59:23 +0800] "GET /phpmyadmin/db_structure.php?db=forum&table=&server=1&target=&token=f002d8403658d0c4e537ddc7082093cc HTTP/1.1" 200 26103
::1 - - [11/Apr/2018:02:59:23 +0800] "GET /phpmyadmin/js/get_scripts.js.php?scripts[]=jquery/jquery-1.8.3.js&scripts[]=ajax.js&scripts[]=keyhandler.js&scripts[]=jquery/jquery-ui-1.9.2.custom.js&scripts[]=jquery/jquery.sprintf.js&scripts[]=jquery/jquery.cookie.js&scripts[]=jquery/jquery.mousewheel.js&scripts[]=jquery/jquery.event.drag-2.2.js&scripts[]=jquery/jquery-ui-timepicker-addon.js&scripts[]=jquery/jquery.ba-hashchange-1.3.js&scripts[]=jquery/jquery.debounce-1.0.5.js&scripts[]=jquery/jquery.menuResizer-1.0.js&scripts[]=rte.js&scripts[]=functions.js&scripts[]=navigation.js&scripts[]=indexes.js&scripts[]=common.js&scripts[]=db_structure.js&scripts[]=tbl_change.js&scripts[]=codemirror/lib/codemirror.js&scripts[]=codemirror/mode/mysql/mysql.js HTTP/1.1" 200 591003
::1 - - [11/Apr/2018:02:59:24 +0800] "GET /phpmyadmin/index.php?token=f002d8403658d0c4e537ddc7082093cc HTTP/1.1" 200 45311
::1 - - [11/Apr/2018:02:59:24 +0800] "GET /phpmyadmin/index.php?db=&table=&server=1&target=&token=f002d8403658d0c4e537ddc7082093cc HTTP/1.1" 200 45276
::1 - - [11/Apr/2018:02:59:24 +0800] "GET /phpmyadmin/js/messages.php?lang=en&db=&token=f002d8403658d0c4e537ddc7082093cc HTTP/1.1" 200 16679
::1 - - [11/Apr/2018:02:59:24 +0800] "GET /phpmyadmin/version_check.php?&_nocache=1523386764795891358 HTTP/1.1" 200 39
::1 - - [11/Apr/2018:02:59:25 +0800] "GET /phpmyadmin/ HTTP/1.1" 200 45311
::1 - - [11/Apr/2018:02:59:25 +0800] "GET /phpmyadmin/version_check.php?&_nocache=1523386765572873018 HTTP/1.1" 200 39
::1 - - [11/Apr/2018:02:59:35 +0800] "POST /forum/register_pase.php HTTP/1.1" 200 576
::1 - - [11/Apr/2018:03:02:43 +0800] "POST /forum/register_pase.php HTTP/1.1" 200 576
::1 - - [11/Apr/2018:03:03:04 +0800] "POST /forum/register_pase.php HTTP/1.1" 200 576
::1 - - [11/Apr/2018:03:04:18 +0800] "POST /forum/register_pase.php HTTP/1.1" 200 404
::1 - - [11/Apr/2018:03:05:43 +0800] "POST /forum/register_pase.php HTTP/1.1" 200 404
::1 - - [11/Apr/2018:03:06:02 +0800] "POST /forum/register_pase.php HTTP/1.1" 200 398
::1 - - [11/Apr/2018:03:08:17 +0800] "POST /forum/register_pase.php HTTP/1.1" 200 852
::1 - - [11/Apr/2018:03:09:27 +0800] "POST /forum/register_pase.php HTTP/1.1" 200 852
::1 - - [11/Apr/2018:03:12:04 +0800] "POST /forum/register_pase.php HTTP/1.1" 200 852
::1 - - [11/Apr/2018:03:12:46 +0800] "POST /forum/register_pase.php HTTP/1.1" 200 852
::1 - - [11/Apr/2018:03:12:54 +0800] "POST /forum/register_pase.php HTTP/1.1" 200 852
::1 - - [11/Apr/2018:03:13:01 +0800] "POST /forum/register_pase.php HTTP/1.1" 200 852
::1 - - [11/Apr/2018:03:15:11 +0800] "POST /forum/register_pase.php HTTP/1.1" 200 171
::1 - - [11/Apr/2018:03:15:53 +0800] "POST /forum/register_pase.php HTTP/1.1" 200 852
::1 - - [11/Apr/2018:03:16:01 +0800] "POST /forum/register_pase.php HTTP/1.1" 200 171
::1 - - [11/Apr/2018:03:16:14 +0800] "POST /forum/register_pase.php HTTP/1.1" 200 171
::1 - - [11/Apr/2018:03:16:24 +0800] "POST /forum/register_pase.php HTTP/1.1" 200 171
::1 - - [11/Apr/2018:03:17:05 +0800] "POST /forum/register_pase.php HTTP/1.1" 200 852
