[Tue Apr 10 23:20:03.894478 2018] [mpm_winnt:notice] [pid 11432:tid 816] AH00455: Apache/2.4.6 (Win32) PHP/5.4.17 configured -- resuming normal operations
[Tue Apr 10 23:20:03.894478 2018] [mpm_winnt:notice] [pid 11432:tid 816] AH00456: Apache Lounge VC10 Server built: Jul 16 2013 11:15:41
[Tue Apr 10 23:20:03.894478 2018] [core:notice] [pid 11432:tid 816] AH00094: Command line: 'C:\\Users\\Andrea Otic\\Desktop\\php\\usbserver/apache2/bin/httpd_usbwv8.exe -d C:/Users/Andrea Otic/Desktop/php/usbserver/apache2'
[Tue Apr 10 23:20:03.935206 2018] [mpm_winnt:notice] [pid 11432:tid 816] AH00418: Parent: Created child process 8548
[Tue Apr 10 23:20:04.450410 2018] [mpm_winnt:notice] [pid 8548:tid 660] AH00354: Child: Starting 64 worker threads.
[Wed Apr 11 00:00:56.569125 2018] [:error] [pid 8548:tid 1332] [client ::1:50401] PHP Warning:  include(): Filename cannot be empty in C:\\Users\\Andrea Otic\\Desktop\\php\\usbserver\\root\\forum\\index.php on line 2
[Wed Apr 11 00:00:56.611322 2018] [:error] [pid 8548:tid 1332] [client ::1:50401] PHP Warning:  include(): Failed opening '' for inclusion (include_path='.;C:\\php\\pear') in C:\\Users\\Andrea Otic\\Desktop\\php\\usbserver\\root\\forum\\index.php on line 2
[Wed Apr 11 00:02:28.050830 2018] [:error] [pid 8548:tid 1328] [client ::1:50407] PHP Notice:  Undefined variable: _Post in C:\\Users\\Andrea Otic\\Desktop\\php\\usbserver\\root\\forum\\login.php on line 2, referer: http://localhost/forum/index.php
[Wed Apr 11 00:02:28.050830 2018] [:error] [pid 8548:tid 1328] [client ::1:50407] PHP Notice:  Undefined variable: _Post in C:\\Users\\Andrea Otic\\Desktop\\php\\usbserver\\root\\forum\\login.php on line 4, referer: http://localhost/forum/index.php
[Wed Apr 11 00:20:57.296000 2018] [:error] [pid 8548:tid 1320] [client ::1:50505] PHP Notice:  Undefined variable: _Post in C:\\Users\\Andrea Otic\\Desktop\\php\\usbserver\\root\\forum\\login.php on line 2, referer: http://localhost/forum/index.php
[Wed Apr 11 00:20:57.296000 2018] [:error] [pid 8548:tid 1320] [client ::1:50505] PHP Notice:  Undefined variable: _Post in C:\\Users\\Andrea Otic\\Desktop\\php\\usbserver\\root\\forum\\login.php on line 4, referer: http://localhost/forum/index.php
[Wed Apr 11 00:21:11.729840 2018] [:error] [pid 8548:tid 1316] [client ::1:50509] PHP Notice:  Undefined variable: _Post in C:\\Users\\Andrea Otic\\Desktop\\php\\usbserver\\root\\forum\\login.php on line 2, referer: http://localhost/forum/index.php
[Wed Apr 11 00:21:11.729840 2018] [:error] [pid 8548:tid 1316] [client ::1:50509] PHP Notice:  Undefined variable: _Post in C:\\Users\\Andrea Otic\\Desktop\\php\\usbserver\\root\\forum\\login.php on line 4, referer: http://localhost/forum/index.php
[Wed Apr 11 00:25:43.981511 2018] [:error] [pid 8548:tid 1316] [client ::1:50516] PHP Notice:  Undefined variable: _Post in C:\\Users\\Andrea Otic\\Desktop\\php\\usbserver\\root\\forum\\login.php on line 10, referer: http://localhost/forum/index.php
[Wed Apr 11 00:25:44.016762 2018] [:error] [pid 8548:tid 1316] [client ::1:50516] PHP Notice:  Undefined variable: _Post in C:\\Users\\Andrea Otic\\Desktop\\php\\usbserver\\root\\forum\\login.php on line 12, referer: http://localhost/forum/index.php
[Wed Apr 11 00:25:50.729211 2018] [:error] [pid 8548:tid 1316] [client ::1:50519] PHP Notice:  Undefined variable: _Post in C:\\Users\\Andrea Otic\\Desktop\\php\\usbserver\\root\\forum\\login.php on line 10, referer: http://localhost/forum/index.php
[Wed Apr 11 00:25:50.729211 2018] [:error] [pid 8548:tid 1316] [client ::1:50519] PHP Notice:  Undefined variable: _Post in C:\\Users\\Andrea Otic\\Desktop\\php\\usbserver\\root\\forum\\login.php on line 12, referer: http://localhost/forum/index.php
[Wed Apr 11 00:32:11.308188 2018] [:error] [pid 8548:tid 1328] [client ::1:50536] PHP Notice:  Undefined variable: forum in C:\\Users\\Andrea Otic\\Desktop\\php\\usbserver\\root\\forum\\config.php on line 12, referer: http://localhost/forum/index.php
[Wed Apr 11 00:32:11.308188 2018] [:error] [pid 8548:tid 1328] [client ::1:50536] PHP Notice:  Undefined variable: _Post in C:\\Users\\Andrea Otic\\Desktop\\php\\usbserver\\root\\forum\\login.php on line 10, referer: http://localhost/forum/index.php
[Wed Apr 11 00:32:11.308188 2018] [:error] [pid 8548:tid 1328] [client ::1:50536] PHP Notice:  Undefined variable: _Post in C:\\Users\\Andrea Otic\\Desktop\\php\\usbserver\\root\\forum\\login.php on line 12, referer: http://localhost/forum/index.php
[Wed Apr 11 00:33:25.688343 2018] [:error] [pid 8548:tid 1328] [client ::1:50539] PHP Notice:  Undefined variable: forum in C:\\Users\\Andrea Otic\\Desktop\\php\\usbserver\\root\\forum\\config.php on line 12, referer: http://localhost/forum/index.php
[Wed Apr 11 00:33:25.688343 2018] [:error] [pid 8548:tid 1328] [client ::1:50539] PHP Notice:  Undefined variable: _Post in C:\\Users\\Andrea Otic\\Desktop\\php\\usbserver\\root\\forum\\login.php on line 10, referer: http://localhost/forum/index.php
[Wed Apr 11 00:33:25.688343 2018] [:error] [pid 8548:tid 1328] [client ::1:50539] PHP Notice:  Undefined variable: _Post in C:\\Users\\Andrea Otic\\Desktop\\php\\usbserver\\root\\forum\\login.php on line 12, referer: http://localhost/forum/index.php
[Wed Apr 11 00:35:03.061818 2018] [:error] [pid 8548:tid 1316] [client ::1:50573] PHP Notice:  Undefined variable: forum in C:\\Users\\Andrea Otic\\Desktop\\php\\usbserver\\root\\forum\\config.php on line 12, referer: http://localhost/forum/index.php
[Wed Apr 11 00:35:37.122953 2018] [:error] [pid 8548:tid 1316] [client ::1:50576] PHP Notice:  Undefined variable: forum in C:\\Users\\Andrea Otic\\Desktop\\php\\usbserver\\root\\forum\\config.php on line 12, referer: http://localhost/forum/index.php
[Wed Apr 11 00:35:42.783729 2018] [:error] [pid 8548:tid 1316] [client ::1:50578] PHP Notice:  Undefined variable: forum in C:\\Users\\Andrea Otic\\Desktop\\php\\usbserver\\root\\forum\\config.php on line 12, referer: http://localhost/forum/index.php
[Wed Apr 11 00:36:31.129663 2018] [:error] [pid 8548:tid 1316] [client ::1:50580] PHP Notice:  Undefined variable: forum in C:\\Users\\Andrea Otic\\Desktop\\php\\usbserver\\root\\forum\\config.php on line 12, referer: http://localhost/forum/index.php
[Wed Apr 11 00:56:22.908123 2018] [:error] [pid 8548:tid 1316] [client ::1:50639] PHP Fatal error:  Uncaught exception 'PDOException' with message 'SQLSTATE[HY000] [2002] No connection could be made because the target machine actively refused it.\r\n' in C:\\Users\\Andrea Otic\\Desktop\\php\\usbserver\\root\\Forum2\\config.php:10\nStack trace:\n#0 C:\\Users\\Andrea Otic\\Desktop\\php\\usbserver\\root\\Forum2\\config.php(10): PDO->__construct('mysql:host=loca...', 'KARL', 'DREI')\n#1 C:\\Users\\Andrea Otic\\Desktop\\php\\usbserver\\root\\Forum2\\index.php(3): include('C:\\Users\\Andrea...')\n#2 {main}\n  thrown in C:\\Users\\Andrea Otic\\Desktop\\php\\usbserver\\root\\Forum2\\config.php on line 10
[Wed Apr 11 00:57:39.508274 2018] [:error] [pid 8548:tid 1316] [client ::1:50644] PHP Fatal error:  Uncaught exception 'PDOException' with message 'SQLSTATE[HY000] [2002] No connection could be made because the target machine actively refused it.\r\n' in C:\\Users\\Andrea Otic\\Desktop\\php\\usbserver\\root\\Forum2\\config.php:10\nStack trace:\n#0 C:\\Users\\Andrea Otic\\Desktop\\php\\usbserver\\root\\Forum2\\config.php(10): PDO->__construct('mysql:host=loca...', 'root', 'usbw')\n#1 C:\\Users\\Andrea Otic\\Desktop\\php\\usbserver\\root\\Forum2\\index.php(3): include('C:\\Users\\Andrea...')\n#2 {main}\n  thrown in C:\\Users\\Andrea Otic\\Desktop\\php\\usbserver\\root\\Forum2\\config.php on line 10
[Wed Apr 11 01:07:21.499824 2018] [:error] [pid 8548:tid 1324] [client ::1:50695] PHP Fatal error:  Call to undefined function password_hash() in C:\\Users\\Andrea Otic\\Desktop\\php\\usbserver\\root\\forum\\hash_pass.php on line 12
[Wed Apr 11 01:09:18.318897 2018] [:error] [pid 8548:tid 1324] [client ::1:50698] PHP Fatal error:  Call to undefined function password_hash() in C:\\Users\\Andrea Otic\\Desktop\\php\\usbserver\\root\\forum\\hash_pass.php on line 9
[Wed Apr 11 01:09:19.704315 2018] [:error] [pid 8548:tid 1324] [client ::1:50698] PHP Fatal error:  Call to undefined function password_hash() in C:\\Users\\Andrea Otic\\Desktop\\php\\usbserver\\root\\forum\\hash_pass.php on line 9
[Wed Apr 11 01:09:20.117774 2018] [:error] [pid 8548:tid 1324] [client ::1:50698] PHP Fatal error:  Call to undefined function password_hash() in C:\\Users\\Andrea Otic\\Desktop\\php\\usbserver\\root\\forum\\hash_pass.php on line 9
[Wed Apr 11 01:09:20.334165 2018] [:error] [pid 8548:tid 1324] [client ::1:50698] PHP Fatal error:  Call to undefined function password_hash() in C:\\Users\\Andrea Otic\\Desktop\\php\\usbserver\\root\\forum\\hash_pass.php on line 9
[Wed Apr 11 01:09:34.416704 2018] [:error] [pid 8548:tid 1324] [client ::1:50700] PHP Fatal error:  Call to undefined function password_hash() in C:\\Users\\Andrea Otic\\Desktop\\php\\usbserver\\root\\forum\\hash_pass.php on line 9
[Wed Apr 11 01:09:35.920769 2018] [:error] [pid 8548:tid 1324] [client ::1:50700] PHP Fatal error:  Call to undefined function password_hash() in C:\\Users\\Andrea Otic\\Desktop\\php\\usbserver\\root\\forum\\hash_pass.php on line 9
[Wed Apr 11 01:09:36.142041 2018] [:error] [pid 8548:tid 1324] [client ::1:50700] PHP Fatal error:  Call to undefined function password_hash() in C:\\Users\\Andrea Otic\\Desktop\\php\\usbserver\\root\\forum\\hash_pass.php on line 9
[Wed Apr 11 01:09:42.607563 2018] [:error] [pid 8548:tid 1324] [client ::1:50701] PHP Fatal error:  Call to undefined function password_hash() in C:\\Users\\Andrea Otic\\Desktop\\php\\usbserver\\root\\forum\\hash_pass.php on line 9
[Wed Apr 11 01:09:42.974227 2018] [:error] [pid 8548:tid 1324] [client ::1:50701] PHP Fatal error:  Call to undefined function password_hash() in C:\\Users\\Andrea Otic\\Desktop\\php\\usbserver\\root\\forum\\hash_pass.php on line 9
[Wed Apr 11 01:09:43.198555 2018] [:error] [pid 8548:tid 1324] [client ::1:50701] PHP Fatal error:  Call to undefined function password_hash() in C:\\Users\\Andrea Otic\\Desktop\\php\\usbserver\\root\\forum\\hash_pass.php on line 9
[Wed Apr 11 01:29:30.021555 2018] [:error] [pid 8548:tid 1324] [client ::1:50741] script 'C:/Users/Andrea Otic/Desktop/php/usbserver/root/forum/register_pase.php' not found or unable to stat, referer: http://localhost/forum/register.php
[Wed Apr 11 01:29:50.581897 2018] [:error] [pid 8548:tid 1324] [client ::1:50744] PHP Parse error:  syntax error, unexpected '$username' (T_VARIABLE) in C:\\Users\\Andrea Otic\\Desktop\\php\\usbserver\\root\\forum\\register_pase.php on line 3, referer: http://localhost/forum/register.php
[Wed Apr 11 01:32:05.619538 2018] [:error] [pid 8548:tid 1328] [client ::1:50756] PHP Parse error:  syntax error, unexpected '$username' (T_VARIABLE) in C:\\Users\\Andrea Otic\\Desktop\\php\\usbserver\\root\\forum\\register_pase.php on line 3, referer: http://localhost/forum/register.php
[Wed Apr 11 01:36:02.420315 2018] [:error] [pid 8548:tid 1328] [client ::1:50782] PHP Parse error:  syntax error, unexpected '$username' (T_VARIABLE) in C:\\Users\\Andrea Otic\\Desktop\\php\\usbserver\\root\\forum\\register_pase.php on line 3, referer: http://localhost/forum/register.php
[Wed Apr 11 01:37:05.579399 2018] [:error] [pid 8548:tid 1328] [client ::1:50790] PHP Parse error:  syntax error, unexpected '$username' (T_VARIABLE) in C:\\Users\\Andrea Otic\\Desktop\\php\\usbserver\\root\\forum\\register_pase.php on line 3, referer: http://localhost/forum/register.php
[Wed Apr 11 01:37:10.499107 2018] [:error] [pid 8548:tid 1328] [client ::1:50790] PHP Parse error:  syntax error, unexpected '$username' (T_VARIABLE) in C:\\Users\\Andrea Otic\\Desktop\\php\\usbserver\\root\\forum\\register_pase.php on line 3, referer: http://localhost/forum/register.php
[Wed Apr 11 01:39:42.652096 2018] [:error] [pid 8548:tid 1328] [client ::1:50851] PHP Parse error:  syntax error, unexpected '$username' (T_VARIABLE) in C:\\Users\\Andrea Otic\\Desktop\\php\\usbserver\\root\\forum\\register_pase.php on line 3, referer: http://localhost/forum/register.php
[Wed Apr 11 01:40:10.483465 2018] [:error] [pid 8548:tid 1328] [client ::1:50853] PHP Parse error:  syntax error, unexpected '$username' (T_VARIABLE) in C:\\Users\\Andrea Otic\\Desktop\\php\\usbserver\\root\\forum\\register_pase.php on line 3, referer: http://localhost/forum/register.php
[Wed Apr 11 01:40:16.761888 2018] [:error] [pid 8548:tid 1328] [client ::1:50854] PHP Parse error:  syntax error, unexpected '$username' (T_VARIABLE) in C:\\Users\\Andrea Otic\\Desktop\\php\\usbserver\\root\\forum\\register_pase.php on line 3, referer: http://localhost/forum/register.php
[Wed Apr 11 01:40:28.251568 2018] [:error] [pid 8548:tid 1328] [client ::1:50855] PHP Parse error:  syntax error, unexpected '$username' (T_VARIABLE) in C:\\Users\\Andrea Otic\\Desktop\\php\\usbserver\\root\\forum\\register_pase.php on line 3, referer: http://localhost/forum/register.php
[Wed Apr 11 01:45:06.876188 2018] [:error] [pid 8548:tid 1328] [client ::1:50860] PHP Parse error:  syntax error, unexpected '$username' (T_VARIABLE) in C:\\Users\\Andrea Otic\\Desktop\\php\\usbserver\\root\\forum\\register_pase.php on line 3, referer: http://localhost/forum/register.php
[Wed Apr 11 01:46:46.091799 2018] [:error] [pid 8548:tid 1320] [client ::1:50862] PHP Parse error:  syntax error, unexpected '}' in C:\\Users\\Andrea Otic\\Desktop\\php\\usbserver\\root\\forum\\register_pase.php on line 18, referer: http://localhost/forum/register.php
[Wed Apr 11 01:46:56.682464 2018] [:error] [pid 8548:tid 1320] [client ::1:50865] PHP Parse error:  syntax error, unexpected '}' in C:\\Users\\Andrea Otic\\Desktop\\php\\usbserver\\root\\forum\\register_pase.php on line 18, referer: http://localhost/forum/register.php
[Wed Apr 11 01:47:00.178523 2018] [:error] [pid 8548:tid 1320] [client ::1:50865] PHP Parse error:  syntax error, unexpected '}' in C:\\Users\\Andrea Otic\\Desktop\\php\\usbserver\\root\\forum\\register_pase.php on line 18, referer: http://localhost/forum/register.php
[Wed Apr 11 01:47:19.650332 2018] [:error] [pid 8548:tid 1320] [client ::1:50868] PHP Parse error:  syntax error, unexpected ';' in C:\\Users\\Andrea Otic\\Desktop\\php\\usbserver\\root\\forum\\register_pase.php on line 13, referer: http://localhost/forum/register.php
[Wed Apr 11 01:48:39.185416 2018] [:error] [pid 8548:tid 1328] [client ::1:50876] PHP Parse error:  syntax error, unexpected ';' in C:\\Users\\Andrea Otic\\Desktop\\php\\usbserver\\root\\forum\\register_pase.php on line 13, referer: http://localhost/forum/register.php
[Wed Apr 11 02:36:55.606115 2018] [:error] [pid 8548:tid 1320] [client ::1:50974] PHP Parse error:  syntax error, unexpected '}' in C:\\Users\\Andrea Otic\\Desktop\\php\\usbserver\\root\\forum\\register_pase.php on line 22, referer: http://localhost/forum/register.php
[Wed Apr 11 02:37:08.585010 2018] [:error] [pid 8548:tid 1328] [client ::1:50976] PHP Parse error:  syntax error, unexpected '$sql' (T_VARIABLE) in C:\\Users\\Andrea Otic\\Desktop\\php\\usbserver\\root\\forum\\register_pase.php on line 22, referer: http://localhost/forum/register.php
[Wed Apr 11 02:37:58.166712 2018] [:error] [pid 8548:tid 1328] [client ::1:50977] PHP Parse error:  syntax error, unexpected '$sql' (T_VARIABLE) in C:\\Users\\Andrea Otic\\Desktop\\php\\usbserver\\root\\forum\\register_pase.php on line 22, referer: http://localhost/forum/register.php
[Wed Apr 11 02:38:01.711520 2018] [:error] [pid 8548:tid 1328] [client ::1:50977] PHP Parse error:  syntax error, unexpected '$sql' (T_VARIABLE) in C:\\Users\\Andrea Otic\\Desktop\\php\\usbserver\\root\\forum\\register_pase.php on line 22, referer: http://localhost/forum/register.php
[Wed Apr 11 02:39:23.943093 2018] [:error] [pid 8548:tid 1328] [client ::1:50979] PHP Parse error:  syntax error, unexpected '$sql' (T_VARIABLE) in C:\\Users\\Andrea Otic\\Desktop\\php\\usbserver\\root\\forum\\register_pase.php on line 22, referer: http://localhost/forum/register.php
[Wed Apr 11 02:39:30.890945 2018] [:error] [pid 8548:tid 1328] [client ::1:50980] PHP Parse error:  syntax error, unexpected '$sql' (T_VARIABLE) in C:\\Users\\Andrea Otic\\Desktop\\php\\usbserver\\root\\forum\\register_pase.php on line 22, referer: http://localhost/forum/register.php
[Wed Apr 11 02:42:00.218427 2018] [:error] [pid 8548:tid 1328] [client ::1:51001] PHP Parse error:  syntax error, unexpected '$sql' (T_VARIABLE) in C:\\Users\\Andrea Otic\\Desktop\\php\\usbserver\\root\\forum\\register_pase.php on line 22, referer: http://localhost/forum/register.php
[Wed Apr 11 02:42:02.902397 2018] [:error] [pid 8548:tid 1328] [client ::1:51001] PHP Parse error:  syntax error, unexpected '$sql' (T_VARIABLE) in C:\\Users\\Andrea Otic\\Desktop\\php\\usbserver\\root\\forum\\register_pase.php on line 22, referer: http://localhost/forum/register.php
[Wed Apr 11 02:42:14.150371 2018] [:error] [pid 8548:tid 1328] [client ::1:51002] PHP Parse error:  syntax error, unexpected '$sql' (T_VARIABLE) in C:\\Users\\Andrea Otic\\Desktop\\php\\usbserver\\root\\forum\\register_pase.php on line 22, referer: http://localhost/forum/register.php
[Wed Apr 11 02:43:59.910098 2018] [:error] [pid 8548:tid 1328] [client ::1:51007] PHP Parse error:  syntax error, unexpected '$sql' (T_VARIABLE) in C:\\Users\\Andrea Otic\\Desktop\\php\\usbserver\\root\\forum\\register_pase.php on line 22, referer: http://localhost/forum/register.php
[Wed Apr 11 02:44:27.174825 2018] [:error] [pid 8548:tid 1328] [client ::1:51016] PHP Parse error:  syntax error, unexpected end of file in C:\\Users\\Andrea Otic\\Desktop\\php\\usbserver\\root\\forum\\register_pase.php on line 36, referer: http://localhost/forum/register.php
[Wed Apr 11 02:45:42.062164 2018] [:error] [pid 8548:tid 1328] [client ::1:51018] PHP Parse error:  syntax error, unexpected end of file in C:\\Users\\Andrea Otic\\Desktop\\php\\usbserver\\root\\forum\\register_pase.php on line 36, referer: http://localhost/forum/register.php
[Wed Apr 11 02:45:47.293515 2018] [:error] [pid 8548:tid 1328] [client ::1:51019] PHP Parse error:  syntax error, unexpected end of file in C:\\Users\\Andrea Otic\\Desktop\\php\\usbserver\\root\\forum\\register_pase.php on line 36, referer: http://localhost/forum/register.php
[Wed Apr 11 02:45:56.381842 2018] [:error] [pid 8548:tid 1328] [client ::1:51020] PHP Parse error:  syntax error, unexpected end of file in C:\\Users\\Andrea Otic\\Desktop\\php\\usbserver\\root\\forum\\register_pase.php on line 38, referer: http://localhost/forum/register.php
[Wed Apr 11 02:46:02.624949 2018] [:error] [pid 8548:tid 1328] [client ::1:51021] PHP Parse error:  syntax error, unexpected '$rounds' (T_VARIABLE) in C:\\Users\\Andrea Otic\\Desktop\\php\\usbserver\\root\\forum\\function.php on line 17, referer: http://localhost/forum/register.php
[Wed Apr 11 02:46:40.052045 2018] [:error] [pid 8548:tid 1328] [client ::1:51023] PHP Parse error:  syntax error, unexpected '$rounds' (T_VARIABLE) in C:\\Users\\Andrea Otic\\Desktop\\php\\usbserver\\root\\forum\\function.php on line 17, referer: http://localhost/forum/register.php
[Wed Apr 11 02:47:12.185098 2018] [:error] [pid 8548:tid 1328] [client ::1:51026] PHP Notice:  Use of undefined constant text - assumed 'text' in C:\\Users\\Andrea Otic\\Desktop\\php\\usbserver\\root\\forum\\function.php on line 4, referer: http://localhost/forum/register.php
[Wed Apr 11 02:47:12.185098 2018] [:error] [pid 8548:tid 1328] [client ::1:51026] PHP Warning:  preg_match(): No ending delimiter ']' found in C:\\Users\\Andrea Otic\\Desktop\\php\\usbserver\\root\\forum\\function.php on line 4, referer: http://localhost/forum/register.php
[Wed Apr 11 02:48:21.784822 2018] [:error] [pid 8548:tid 1328] [client ::1:51031] PHP Notice:  Use of undefined constant text - assumed 'text' in C:\\Users\\Andrea Otic\\Desktop\\php\\usbserver\\root\\forum\\function.php on line 4, referer: http://localhost/forum/register.php
[Wed Apr 11 02:48:21.784822 2018] [:error] [pid 8548:tid 1328] [client ::1:51031] PHP Warning:  preg_match(): No ending delimiter ']' found in C:\\Users\\Andrea Otic\\Desktop\\php\\usbserver\\root\\forum\\function.php on line 4, referer: http://localhost/forum/register.php
[Wed Apr 11 02:49:12.921733 2018] [:error] [pid 8548:tid 1328] [client ::1:51033] PHP Warning:  preg_match(): Unknown modifier '?' in C:\\Users\\Andrea Otic\\Desktop\\php\\usbserver\\root\\forum\\function.php on line 4, referer: http://localhost/forum/register.php
[Wed Apr 11 02:49:36.000924 2018] [:error] [pid 8548:tid 1328] [client ::1:51035] PHP Warning:  preg_match(): Unknown modifier '/' in C:\\Users\\Andrea Otic\\Desktop\\php\\usbserver\\root\\forum\\function.php on line 4, referer: http://localhost/forum/register.php
[Wed Apr 11 02:50:22.432762 2018] [:error] [pid 8548:tid 1328] [client ::1:51038] PHP Warning:  preg_match(): Unknown modifier '/' in C:\\Users\\Andrea Otic\\Desktop\\php\\usbserver\\root\\forum\\function.php on line 4, referer: http://localhost/forum/register.php
[Wed Apr 11 02:50:36.311567 2018] [:error] [pid 8548:tid 1328] [client ::1:51040] PHP Warning:  preg_match(): Unknown modifier '/' in C:\\Users\\Andrea Otic\\Desktop\\php\\usbserver\\root\\forum\\function.php on line 4, referer: http://localhost/forum/register.php
[Wed Apr 11 02:50:43.208546 2018] [:error] [pid 8548:tid 1328] [client ::1:51044] PHP Warning:  preg_match(): Unknown modifier '/' in C:\\Users\\Andrea Otic\\Desktop\\php\\usbserver\\root\\forum\\function.php on line 4, referer: http://localhost/forum/register.php
[Wed Apr 11 02:50:52.887495 2018] [:error] [pid 8548:tid 1328] [client ::1:51049] PHP Warning:  preg_match(): Unknown modifier '&lt;' in C:\\Users\\Andrea Otic\\Desktop\\php\\usbserver\\root\\forum\\function.php on line 4, referer: http://localhost/forum/register.php
[Wed Apr 11 02:51:01.719607 2018] [:error] [pid 8548:tid 1328] [client ::1:51051] PHP Warning:  preg_match(): Unknown modifier '~' in C:\\Users\\Andrea Otic\\Desktop\\php\\usbserver\\root\\forum\\function.php on line 4, referer: http://localhost/forum/register.php
[Wed Apr 11 02:52:03.288643 2018] [:error] [pid 8548:tid 1328] [client ::1:51055] PHP Parse error:  syntax error, unexpected '}' in C:\\Users\\Andrea Otic\\Desktop\\php\\usbserver\\root\\forum\\function.php on line 4, referer: http://localhost/forum/register.php
[Wed Apr 11 02:52:23.193612 2018] [:error] [pid 8548:tid 1328] [client ::1:51057] PHP Parse error:  syntax error, unexpected end of file in C:\\Users\\Andrea Otic\\Desktop\\php\\usbserver\\root\\forum\\function.php on line 22, referer: http://localhost/forum/register.php
[Wed Apr 11 02:53:17.992396 2018] [:error] [pid 8548:tid 1328] [client ::1:51059] PHP Warning:  preg_match(): Unknown modifier '/' in C:\\Users\\Andrea Otic\\Desktop\\php\\usbserver\\root\\forum\\function.php on line 4, referer: http://localhost/forum/register.php
[Wed Apr 11 02:55:35.947368 2018] [:error] [pid 8548:tid 1328] [client ::1:51101] PHP Parse error:  syntax error, unexpected end of file in C:\\Users\\Andrea Otic\\Desktop\\php\\usbserver\\root\\forum\\function.php on line 22, referer: http://localhost/forum/register.php
[Wed Apr 11 02:56:28.721244 2018] [:error] [pid 8548:tid 1328] [client ::1:51106] PHP Fatal error:  Call to undefined function password_hash() in C:\\Users\\Andrea Otic\\Desktop\\php\\usbserver\\root\\forum\\hash_pass.php on line 9
[Wed Apr 11 02:56:30.998149 2018] [:error] [pid 8548:tid 1328] [client ::1:51106] PHP Fatal error:  Call to undefined function password_hash() in C:\\Users\\Andrea Otic\\Desktop\\php\\usbserver\\root\\forum\\hash_pass.php on line 9
[Wed Apr 11 02:56:31.549295 2018] [:error] [pid 8548:tid 1328] [client ::1:51106] PHP Fatal error:  Call to undefined function password_hash() in C:\\Users\\Andrea Otic\\Desktop\\php\\usbserver\\root\\forum\\hash_pass.php on line 9
[Wed Apr 11 02:56:31.757503 2018] [:error] [pid 8548:tid 1328] [client ::1:51106] PHP Fatal error:  Call to undefined function password_hash() in C:\\Users\\Andrea Otic\\Desktop\\php\\usbserver\\root\\forum\\hash_pass.php on line 9
